2020-01-14 11:15:50.532 WARN 12308 --- [main] c.e.springboot.SpringbootApplication     : Starting SpringbootApplication on Dev-Rick with PID 12308 (D:\project\springboot\target\classes started by Rick.zhang in D:\project\springboot)
2020-01-14 11:15:50.535 WARN 12308 --- [main] c.e.springboot.SpringbootApplication     : The following profiles are active: dev
2020-01-14 11:15:51.551 WARN 12308 --- [main] .s.d.r.c.RepositoryConfigurationDelegate : Multiple Spring Data modules found, entering strict repository configuration mode!
2020-01-14 11:15:51.552 WARN 12308 --- [main] .s.d.r.c.RepositoryConfigurationDelegate : Bootstrapping Spring Data repositories in DEFAULT mode.
2020-01-14 11:15:51.608 WARN 12308 --- [main] .s.d.r.c.RepositoryConfigurationDelegate : Finished Spring Data repository scanning in 51ms. Found 1 repository interfaces.
2020-01-14 11:15:51.620 WARN 12308 --- [main] .s.d.r.c.RepositoryConfigurationDelegate : Multiple Spring Data modules found, entering strict repository configuration mode!
2020-01-14 11:15:51.621 WARN 12308 --- [main] .s.d.r.c.RepositoryConfigurationDelegate : Bootstrapping Spring Data repositories in DEFAULT mode.
2020-01-14 11:15:51.635 WARN 12308 --- [main] .RepositoryConfigurationExtensionSupport : Spring Data Redis - Could not safely identify store assignment for repository candidate interface com.example.springboot.repository.MongodbUserDao. If you want this repository to be a Redis repository, consider annotating your entities with one of these annotations: org.springframework.data.redis.core.RedisHash (preferred), or consider extending one of the following types with your repository: org.springframework.data.keyvalue.repository.KeyValueRepository.
2020-01-14 11:15:51.635 WARN 12308 --- [main] .s.d.r.c.RepositoryConfigurationDelegate : Finished Spring Data repository scanning in 7ms. Found 0 repository interfaces.
2020-01-14 11:15:51.884 WARN 12308 --- [main] trationDelegate$BeanPostProcessorChecker : Bean 'shiroConfig' of type [com.example.springboot.shiro.ShiroConfig$$EnhancerBySpringCGLIB$$8f6edd37] is not eligible for getting processed by all BeanPostProcessors (for example: not eligible for auto-proxying)
2020-01-14 11:15:52.148 WARN 12308 --- [main] trationDelegate$BeanPostProcessorChecker : Bean 'mybatis-org.mybatis.spring.boot.autoconfigure.MybatisProperties' of type [org.mybatis.spring.boot.autoconfigure.MybatisProperties] is not eligible for getting processed by all BeanPostProcessors (for example: not eligible for auto-proxying)
2020-01-14 11:15:52.155 WARN 12308 --- [main] trationDelegate$BeanPostProcessorChecker : Bean 'org.mybatis.spring.boot.autoconfigure.MybatisAutoConfiguration' of type [org.mybatis.spring.boot.autoconfigure.MybatisAutoConfiguration$$EnhancerBySpringCGLIB$$e2c92b6a] is not eligible for getting processed by all BeanPostProcessors (for example: not eligible for auto-proxying)
2020-01-14 11:15:52.157 WARN 12308 --- [main] trationDelegate$BeanPostProcessorChecker : Bean 'com.alibaba.druid.spring.boot.autoconfigure.DruidDataSourceAutoConfigure' of type [com.alibaba.druid.spring.boot.autoconfigure.DruidDataSourceAutoConfigure$$EnhancerBySpringCGLIB$$c9a0cfac] is not eligible for getting processed by all BeanPostProcessors (for example: not eligible for auto-proxying)
2020-01-14 11:15:52.159 WARN 12308 --- [main] c.a.d.s.b.a.DruidDataSourceAutoConfigure : Init DruidDataSource
2020-01-14 11:15:52.208 WARN 12308 --- [main] trationDelegate$BeanPostProcessorChecker : Bean 'spring.datasource-org.springframework.boot.autoconfigure.jdbc.DataSourceProperties' of type [org.springframework.boot.autoconfigure.jdbc.DataSourceProperties] is not eligible for getting processed by all BeanPostProcessors (for example: not eligible for auto-proxying)
2020-01-14 11:15:52.211 WARN 12308 --- [main] trationDelegate$BeanPostProcessorChecker : Bean 'com.alibaba.druid.spring.boot.autoconfigure.stat.DruidFilterConfiguration' of type [com.alibaba.druid.spring.boot.autoconfigure.stat.DruidFilterConfiguration] is not eligible for getting processed by all BeanPostProcessors (for example: not eligible for auto-proxying)
2020-01-14 11:15:52.230 WARN 12308 --- [main] trationDelegate$BeanPostProcessorChecker : Bean 'statFilter' of type [com.alibaba.druid.filter.stat.StatFilter] is not eligible for getting processed by all BeanPostProcessors (for example: not eligible for auto-proxying)
2020-01-14 11:15:52.500 WARN 12308 --- [main] com.alibaba.druid.pool.DruidDataSource   : {dataSource-1} inited
2020-01-14 11:15:52.500 WARN 12308 --- [main] trationDelegate$BeanPostProcessorChecker : Bean 'dataSource' of type [com.alibaba.druid.spring.boot.autoconfigure.DruidDataSourceWrapper] is not eligible for getting processed by all BeanPostProcessors (for example: not eligible for auto-proxying)
2020-01-14 11:15:52.775 WARN 12308 --- [main] trationDelegate$BeanPostProcessorChecker : Bean 'sqlSessionFactory' of type [org.apache.ibatis.session.defaults.DefaultSqlSessionFactory] is not eligible for getting processed by all BeanPostProcessors (for example: not eligible for auto-proxying)
2020-01-14 11:15:52.779 WARN 12308 --- [main] trationDelegate$BeanPostProcessorChecker : Bean 'sqlSessionTemplate' of type [org.mybatis.spring.SqlSessionTemplate] is not eligible for getting processed by all BeanPostProcessors (for example: not eligible for auto-proxying)
2020-01-14 11:15:52.780 WARN 12308 --- [main] trationDelegate$BeanPostProcessorChecker : Bean 'sysUserRepository' of type [org.mybatis.spring.mapper.MapperFactoryBean] is not eligible for getting processed by all BeanPostProcessors (for example: not eligible for auto-proxying)
2020-01-14 11:15:52.781 WARN 12308 --- [main] trationDelegate$BeanPostProcessorChecker : Bean 'sysUserRepository' of type [com.sun.proxy.$Proxy86] is not eligible for getting processed by all BeanPostProcessors (for example: not eligible for auto-proxying)
2020-01-14 11:15:52.784 WARN 12308 --- [main] trationDelegate$BeanPostProcessorChecker : Bean 'sessionDAO' of type [org.apache.shiro.session.mgt.eis.MemorySessionDAO] is not eligible for getting processed by all BeanPostProcessors (for example: not eligible for auto-proxying)
2020-01-14 11:15:52.784 WARN 12308 --- [main] trationDelegate$BeanPostProcessorChecker : Bean 'sysUserServiceImpl' of type [com.example.springboot.service.impl.SysUserServiceImpl] is not eligible for getting processed by all BeanPostProcessors (for example: not eligible for auto-proxying)
2020-01-14 11:15:52.784 WARN 12308 --- [main] trationDelegate$BeanPostProcessorChecker : Bean 'shiroRealm' of type [com.example.springboot.shiro.ShiroRealm] is not eligible for getting processed by all BeanPostProcessors (for example: not eligible for auto-proxying)
2020-01-14 11:15:52.833 WARN 12308 --- [main] trationDelegate$BeanPostProcessorChecker : Bean 'ehCacheManager' of type [org.apache.shiro.cache.ehcache.EhCacheManager] is not eligible for getting processed by all BeanPostProcessors (for example: not eligible for auto-proxying)
2020-01-14 11:15:52.834 WARN 12308 --- [main] o.a.shiro.cache.ehcache.EhCacheManager   : Cache with name 'com.example.springboot.shiro.ShiroRealm.authorizationCache' does not yet exist.  Creating now.
2020-01-14 11:15:52.850 WARN 12308 --- [main] o.a.shiro.cache.ehcache.EhCacheManager   : Added EhCache named [com.example.springboot.shiro.ShiroRealm.authorizationCache]
2020-01-14 11:15:52.854 WARN 12308 --- [main] trationDelegate$BeanPostProcessorChecker : Bean 'simpleCookie' of type [org.apache.shiro.web.servlet.SimpleCookie] is not eligible for getting processed by all BeanPostProcessors (for example: not eligible for auto-proxying)
2020-01-14 11:15:52.855 WARN 12308 --- [main] trationDelegate$BeanPostProcessorChecker : Bean 'rememberMeManager' of type [org.apache.shiro.web.mgt.CookieRememberMeManager] is not eligible for getting processed by all BeanPostProcessors (for example: not eligible for auto-proxying)
2020-01-14 11:15:52.859 WARN 12308 --- [main] trationDelegate$BeanPostProcessorChecker : Bean 'sessionManager' of type [org.apache.shiro.web.session.mgt.DefaultWebSessionManager] is not eligible for getting processed by all BeanPostProcessors (for example: not eligible for auto-proxying)
2020-01-14 11:15:52.861 WARN 12308 --- [main] trationDelegate$BeanPostProcessorChecker : Bean 'securityManager' of type [org.apache.shiro.web.mgt.DefaultWebSecurityManager] is not eligible for getting processed by all BeanPostProcessors (for example: not eligible for auto-proxying)
2020-01-14 11:15:52.912 WARN 12308 --- [main] trationDelegate$BeanPostProcessorChecker : Bean 'authorizationAttributeSourceAdvisor' of type [org.apache.shiro.spring.security.interceptor.AuthorizationAttributeSourceAdvisor] is not eligible for getting processed by all BeanPostProcessors (for example: not eligible for auto-proxying)
2020-01-14 11:15:52.944 WARN 12308 --- [main] trationDelegate$BeanPostProcessorChecker : Bean 'org.springframework.transaction.annotation.ProxyTransactionManagementConfiguration' of type [org.springframework.transaction.annotation.ProxyTransactionManagementConfiguration] is not eligible for getting processed by all BeanPostProcessors (for example: not eligible for auto-proxying)
2020-01-14 11:15:53.093 WARN 12308 --- [main] trationDelegate$BeanPostProcessorChecker : Bean 'druidConfig' of type [com.example.springboot.config.DruidConfig$$EnhancerBySpringCGLIB$$4eddc815] is not eligible for getting processed by all BeanPostProcessors (for example: not eligible for auto-proxying)
2020-01-14 11:15:53.103 WARN 12308 --- [main] trationDelegate$BeanPostProcessorChecker : Bean 'jdkRegexpMethodPointcut' of type [org.springframework.aop.support.JdkRegexpMethodPointcut] is not eligible for getting processed by all BeanPostProcessors (for example: not eligible for auto-proxying)
2020-01-14 11:15:53.107 WARN 12308 --- [main] trationDelegate$BeanPostProcessorChecker : Bean 'druidStatInterceptor' of type [com.alibaba.druid.support.spring.stat.DruidStatInterceptor] is not eligible for getting processed by all BeanPostProcessors (for example: not eligible for auto-proxying)
2020-01-14 11:15:53.107 WARN 12308 --- [main] trationDelegate$BeanPostProcessorChecker : Bean 'defaultPointcutAdvisor' of type [org.springframework.aop.support.DefaultPointcutAdvisor] is not eligible for getting processed by all BeanPostProcessors (for example: not eligible for auto-proxying)
2020-01-14 11:15:53.415 WARN 12308 --- [main] o.s.b.w.embedded.tomcat.TomcatWebServer  : Tomcat initialized with port(s): 8080 (http)
2020-01-14 11:15:53.425 WARN 12308 --- [main] o.apache.catalina.core.StandardService   : Starting service [Tomcat]
2020-01-14 11:15:53.425 WARN 12308 --- [main] org.apache.catalina.core.StandardEngine  : Starting Servlet engine: [Apache Tomcat/9.0.27]
2020-01-14 11:15:53.530 WARN 12308 --- [main] o.a.c.c.C.[Tomcat].[localhost].[/]       : Initializing Spring embedded WebApplicationContext
2020-01-14 11:15:53.530 WARN 12308 --- [main] o.s.web.context.ContextLoader            : Root WebApplicationContext: initialization completed in 2910 ms
2020-01-14 11:15:53.630 WARN 12308 --- [main] o.s.boot.web.servlet.RegistrationBean    : Servlet statViewServlet was not registered (possibly already registered?)
2020-01-14 11:15:53.636 WARN 12308 --- [main] o.s.boot.web.servlet.RegistrationBean    : Filter webStatFilter was not registered (possibly already registered?)
2020-01-14 11:15:54.153 WARN 12308 --- [main] org.mongodb.driver.cluster               : Cluster created with settings {hosts=[localhost:27017], mode=MULTIPLE, requiredClusterType=UNKNOWN, serverSelectionTimeout='30000 ms', maxWaitQueueSize=500}
2020-01-14 11:15:54.153 WARN 12308 --- [main] org.mongodb.driver.cluster               : Adding discovered server localhost:27017 to client view of cluster
2020-01-14 11:15:54.203 WARN 12308 --- [cluster-ClusterId{value='5e1d326afa88e93462ad3b46', description='null'}-localhost:27017] org.mongodb.driver.connection            : Opened connection [connectionId{localValue:1, serverValue:53}] to localhost:27017
2020-01-14 11:15:54.207 WARN 12308 --- [cluster-ClusterId{value='5e1d326afa88e93462ad3b46', description='null'}-localhost:27017] org.mongodb.driver.cluster               : Monitor thread successfully connected to server with description ServerDescription{address=localhost:27017, type=STANDALONE, state=CONNECTED, ok=true, version=ServerVersion{versionList=[4, 2, 0]}, minWireVersion=0, maxWireVersion=8, maxDocumentSize=16777216, logicalSessionTimeoutMinutes=30, roundTripTimeNanos=2660700}
2020-01-14 11:15:54.208 WARN 12308 --- [cluster-ClusterId{value='5e1d326afa88e93462ad3b46', description='null'}-localhost:27017] org.mongodb.driver.cluster               : Discovered cluster type of STANDALONE
2020-01-14 11:15:54.263 WARN 12308 --- [main] o.s.data.convert.CustomConversions       : Registering converter from class java.time.LocalDateTime to class java.time.Instant as reading converter although it doesn't convert from a store-supported type! You might wanna check you annotation setup at the converter implementation.
2020-01-14 11:15:54.263 WARN 12308 --- [main] o.s.data.convert.CustomConversions       : Registering converter from class java.time.Instant to class java.time.LocalDateTime as reading converter although it doesn't convert from a store-supported type! You might wanna check you annotation setup at the converter implementation.
2020-01-14 11:15:54.362 WARN 12308 --- [main] o.s.data.convert.CustomConversions       : Registering converter from class java.time.LocalDateTime to class java.time.Instant as reading converter although it doesn't convert from a store-supported type! You might wanna check you annotation setup at the converter implementation.
2020-01-14 11:15:54.363 WARN 12308 --- [main] o.s.data.convert.CustomConversions       : Registering converter from class java.time.Instant to class java.time.LocalDateTime as reading converter although it doesn't convert from a store-supported type! You might wanna check you annotation setup at the converter implementation.
2020-01-14 11:15:55.437 WARN 12308 --- [main] o.s.s.concurrent.ThreadPoolTaskExecutor  : Initializing ExecutorService 'applicationTaskExecutor'
2020-01-14 11:15:55.644 WARN 12308 --- [main] o.s.b.a.w.s.WelcomePageHandlerMapping    : Adding welcome page template: index
2020-01-14 11:15:55.768 WARN 12308 --- [main] org.thymeleaf.templatemode.TemplateMode  : [THYMELEAF][main] Template Mode 'LEGACYHTML5' is deprecated. Using Template Mode 'HTML' instead.
2020-01-14 11:15:56.175 WARN 12308 --- [main] o.s.s.c.ThreadPoolTaskScheduler          : Initializing ExecutorService 'taskScheduler'
2020-01-14 11:15:56.299 WARN 12308 --- [main] d.s.w.p.DocumentationPluginsBootstrapper : Context refreshed
2020-01-14 11:15:56.316 WARN 12308 --- [main] d.s.w.p.DocumentationPluginsBootstrapper : Found 1 custom documentation plugin(s)
2020-01-14 11:15:56.330 WARN 12308 --- [main] s.d.s.w.s.ApiListingReferenceScanner     : Scanning for api listing references
2020-01-14 11:15:56.540 WARN 12308 --- [main] .d.s.w.r.o.CachingOperationNameGenerator : Generating unique operation named: disableUsingPOST_1
2020-01-14 11:15:56.544 WARN 12308 --- [main] .d.s.w.r.o.CachingOperationNameGenerator : Generating unique operation named: enableUsingPOST_1
2020-01-14 11:15:56.559 WARN 12308 --- [main] .d.s.w.r.o.CachingOperationNameGenerator : Generating unique operation named: getMenuListUsingPOST_1
2020-01-14 11:15:56.581 WARN 12308 --- [main] .d.s.w.r.o.CachingOperationNameGenerator : Generating unique operation named: disableUsingPOST_2
2020-01-14 11:15:56.583 WARN 12308 --- [main] .d.s.w.r.o.CachingOperationNameGenerator : Generating unique operation named: enableUsingPOST_2
2020-01-14 11:15:56.601 WARN 12308 --- [main] .d.s.w.r.o.CachingOperationNameGenerator : Generating unique operation named: addRoleUsingPOST_1
2020-01-14 11:15:56.609 WARN 12308 --- [main] .d.s.w.r.o.CachingOperationNameGenerator : Generating unique operation named: disableUsingPOST_3
2020-01-14 11:15:56.613 WARN 12308 --- [main] .d.s.w.r.o.CachingOperationNameGenerator : Generating unique operation named: enableUsingPOST_3
2020-01-14 11:15:56.639 WARN 12308 --- [main] .d.s.w.r.o.CachingOperationNameGenerator : Generating unique operation named: indexUsingGET_1
2020-01-14 11:15:56.658 WARN 12308 --- [main] .d.s.w.r.o.CachingOperationNameGenerator : Generating unique operation named: addUsingPOST_1
2020-01-14 11:15:56.718 WARN 12308 --- [main] o.s.b.w.embedded.tomcat.TomcatWebServer  : Tomcat started on port(s): 8080 (http) with context path ''
2020-01-14 11:15:56.720 WARN 12308 --- [main] c.e.springboot.SpringbootApplication     : Started SpringbootApplication in 6.821 seconds (JVM running for 7.648)
2020-01-14 11:15:56.722 WARN 12308 --- [main] com.example.springboot.config.Runner     : 项目启动地址：http://192.168.247.1:8080/login
2020-01-14 11:15:57.142 WARN 12308 --- [http-nio-8080-exec-1] o.a.c.c.C.[Tomcat].[localhost].[/]       : Initializing Spring DispatcherServlet 'dispatcherServlet'
2020-01-14 11:15:57.142 WARN 12308 --- [http-nio-8080-exec-1] o.s.web.servlet.DispatcherServlet        : Initializing Servlet 'dispatcherServlet'
2020-01-14 11:15:57.162 WARN 12308 --- [http-nio-8080-exec-1] o.s.web.servlet.DispatcherServlet        : Completed initialization in 20 ms
2020-01-14 11:15:57.194 WARN 12308 --- [http-nio-8080-exec-1] a.s.s.m.AbstractValidatingSessionManager : Enabling session validation scheduler...
2020-01-14 11:15:57.285 WARN 12308 --- [http-nio-8080-exec-1] c.e.s.r.SysLogRepository.saveSysLog      : ==>  Preparing: INSERT INTO sys_log(username, operation, time, method, params, ip, createtime, browser, system, requestUrl) VALUES (?, ?, ?, ?, ?, ?, ?, ?, ?, ?) 
2020-01-14 11:15:57.405 WARN 12308 --- [http-nio-8080-exec-1] c.e.s.r.SysLogRepository.saveSysLog      : ==> Parameters: null, 登录主页(String), 6(Integer), com.example.springboot.controller.LoginController.login()(String), null, 192.168.247.1(String), 2020-01-14 11:15:57(String), Chrome(String), Windows 10(String), /login(String)
2020-01-14 11:15:57.446 WARN 12308 --- [http-nio-8080-exec-1] c.e.s.r.SysLogRepository.saveSysLog      : <==    Updates: 1
2020-01-14 11:15:57.448 WARN 12308 --- [http-nio-8080-exec-1] com.example.springboot.aspect.LogAspect  : 【登录主页】【执行切面方法】耗时:6毫秒
2020-01-14 11:16:10.521 WARN 12308 --- [http-nio-8080-exec-3] c.e.s.r.SysLogRepository.saveSysLog      : ==>  Preparing: INSERT INTO sys_log(username, operation, time, method, params, ip, createtime, browser, system, requestUrl) VALUES (?, ?, ?, ?, ?, ?, ?, ?, ?, ?) 
2020-01-14 11:16:10.521 WARN 12308 --- [http-nio-8080-exec-3] c.e.s.r.SysLogRepository.saveSysLog      : ==> Parameters: null, 登录主页(String), 0(Integer), com.example.springboot.controller.LoginController.login()(String), null, 192.168.247.1(String), 2020-01-14 11:16:10(String), Chrome(String), Windows 10(String), /login;JSESSIONID=b1594f0b-073c-44cd-84ac-668c92159d3d(String)
2020-01-14 11:16:10.541 WARN 12308 --- [http-nio-8080-exec-3] c.e.s.r.SysLogRepository.saveSysLog      : <==    Updates: 1
2020-01-14 11:16:10.541 WARN 12308 --- [http-nio-8080-exec-3] com.example.springboot.aspect.LogAspect  : 【登录主页】【执行切面方法】耗时:0毫秒
2020-01-14 11:16:14.113 WARN 12308 --- [http-nio-8080-exec-4] c.e.s.r.SysUserRepository.selectByName   : ==>  Preparing: SELECT id, chinaName, username, password, createtime createTime, status FROM sys_user WHERE username = ? 
2020-01-14 11:16:14.137 WARN 12308 --- [http-nio-8080-exec-4] c.e.s.r.SysUserRepository.selectByName   : ==> Parameters: xy(String)
2020-01-14 11:16:14.150 WARN 12308 --- [http-nio-8080-exec-4] c.e.s.r.SysUserRepository.selectByName   : <==      Total: 1
2020-01-14 11:16:14.280 WARN 12308 --- [http-nio-8080-exec-5] c.e.s.r.SysUserRepository.isEffective    : ==>  Preparing: SELECT COUNT(1) FROM sys_user WHERE id = ? AND status = 1 
2020-01-14 11:16:14.285 WARN 12308 --- [http-nio-8080-exec-5] c.e.s.r.SysUserRepository.isEffective    : ==> Parameters: 9(Integer)
2020-01-14 11:16:14.287 WARN 12308 --- [http-nio-8080-exec-5] c.e.s.r.SysUserRepository.isEffective    : <==      Total: 1
2020-01-14 11:16:14.288 WARN 12308 --- [http-nio-8080-exec-5] c.e.s.filter.UserAccessControlFilter     : 请求URL为:/main
2020-01-14 11:16:14.289 WARN 12308 --- [http-nio-8080-exec-5] c.e.s.r.SysLogRepository.saveSysLog      : ==>  Preparing: INSERT INTO sys_log(username, operation, time, method, params, ip, createtime, browser, system, requestUrl) VALUES (?, ?, ?, ?, ?, ?, ?, ?, ?, ?) 
2020-01-14 11:16:14.290 WARN 12308 --- [http-nio-8080-exec-5] c.e.s.r.SysLogRepository.saveSysLog      : ==> Parameters: 小怡(String), 系统主页(String), 0(Integer), com.example.springboot.controller.LoginController.mainIndex()(String), null, 192.168.247.1(String), 2020-01-14 11:16:14(String), Chrome(String), Windows 10(String), /main(String)
2020-01-14 11:16:14.292 WARN 12308 --- [http-nio-8080-exec-7] c.e.s.r.SysUserRepository.isEffective    : ==>  Preparing: SELECT COUNT(1) FROM sys_user WHERE id = ? AND status = 1 
2020-01-14 11:16:14.294 WARN 12308 --- [http-nio-8080-exec-7] c.e.s.r.SysUserRepository.isEffective    : ==> Parameters: 9(Integer)
2020-01-14 11:16:14.294 WARN 12308 --- [http-nio-8080-exec-7] c.e.s.r.SysUserRepository.isEffective    : <==      Total: 1
2020-01-14 11:16:14.295 WARN 12308 --- [http-nio-8080-exec-7] c.e.s.filter.UserAccessControlFilter     : 请求URL为:/menu/list/9
2020-01-14 11:16:14.317 WARN 12308 --- [http-nio-8080-exec-5] c.e.s.r.SysLogRepository.saveSysLog      : <==    Updates: 1
2020-01-14 11:16:14.317 WARN 12308 --- [http-nio-8080-exec-5] com.example.springboot.aspect.LogAspect  : 【系统主页】【执行切面方法】耗时:0毫秒
2020-01-14 11:16:14.463 WARN 12308 --- [http-nio-8080-exec-7] io.lettuce.core.EpollProvider            : Starting without optional epoll library
2020-01-14 11:16:14.465 WARN 12308 --- [http-nio-8080-exec-7] io.lettuce.core.KqueueProvider           : Starting without optional kqueue library
2020-01-14 11:16:14.715 WARN 12308 --- [http-nio-8080-exec-7] c.e.s.r.SysMenuRepository.getMenuList    : ==>  Preparing: SELECT m.menuId menuId, m.menuName menuName, m.url url, m.permissionIdentifier permissionIdentifier, m.parentId parentId, m.icon icon FROM sys_menu m JOIN role_menu rm ON rm.menuId = m.menuId JOIN sys_role sr ON sr.roleId = rm.roleId JOIN user_role ur ON ur.roleId = sr.roleId JOIN sys_user su ON su.id = ur.userId WHERE su.id = ? AND sr.deleteFlag = 1 AND m.deleteFlag = 1 GROUP BY menuId 
2020-01-14 11:16:14.720 WARN 12308 --- [http-nio-8080-exec-7] c.e.s.r.SysMenuRepository.getMenuList    : ==> Parameters: 9(Integer)
2020-01-14 11:16:14.726 WARN 12308 --- [http-nio-8080-exec-7] c.e.s.r.SysMenuRepository.getMenuList    : <==      Total: 25
2020-01-14 11:16:14.770 WARN 12308 --- [http-nio-8080-exec-7] c.e.s.r.SysLogRepository.saveSysLog      : ==>  Preparing: INSERT INTO sys_log(username, operation, time, method, params, ip, createtime, browser, system, requestUrl) VALUES (?, ?, ?, ?, ?, ?, ?, ?, ?, ?) 
2020-01-14 11:16:14.770 WARN 12308 --- [http-nio-8080-exec-7] c.e.s.r.SysLogRepository.saveSysLog      : ==> Parameters: 小怡(String), 用户对应菜单(String), 13(Integer), com.example.springboot.controller.MenuController.getMenuList()(String), [9](String), 192.168.247.1(String), 2020-01-14 11:16:14(String), Chrome(String), Windows 10(String), /menu/list/9(String)
2020-01-14 11:16:14.780 WARN 12308 --- [http-nio-8080-exec-7] c.e.s.r.SysLogRepository.saveSysLog      : <==    Updates: 1
2020-01-14 11:16:14.781 WARN 12308 --- [http-nio-8080-exec-7] com.example.springboot.aspect.LogAspect  : 【用户对应菜单】【执行切面方法】耗时:13毫秒
2020-01-14 11:16:15.210 WARN 12308 --- [http-nio-8080-exec-9] c.e.s.r.SysUserRepository.isEffective    : ==>  Preparing: SELECT COUNT(1) FROM sys_user WHERE id = ? AND status = 1 
2020-01-14 11:16:15.211 WARN 12308 --- [http-nio-8080-exec-9] c.e.s.r.SysUserRepository.isEffective    : ==> Parameters: 9(Integer)
2020-01-14 11:16:15.211 WARN 12308 --- [http-nio-8080-exec-9] c.e.s.r.SysUserRepository.isEffective    : <==      Total: 1
2020-01-14 11:16:15.212 WARN 12308 --- [http-nio-8080-exec-9] c.e.s.filter.UserAccessControlFilter     : 请求URL为:/main
2020-01-14 11:16:15.213 WARN 12308 --- [http-nio-8080-exec-9] c.e.s.r.SysLogRepository.saveSysLog      : ==>  Preparing: INSERT INTO sys_log(username, operation, time, method, params, ip, createtime, browser, system, requestUrl) VALUES (?, ?, ?, ?, ?, ?, ?, ?, ?, ?) 
2020-01-14 11:16:15.213 WARN 12308 --- [http-nio-8080-exec-9] c.e.s.r.SysLogRepository.saveSysLog      : ==> Parameters: 小怡(String), 系统主页(String), 0(Integer), com.example.springboot.controller.LoginController.mainIndex()(String), null, 192.168.247.1(String), 2020-01-14 11:16:15(String), Chrome(String), Windows 10(String), /main(String)
2020-01-14 11:16:15.217 WARN 12308 --- [http-nio-8080-exec-10] c.e.s.r.SysUserRepository.isEffective    : ==>  Preparing: SELECT COUNT(1) FROM sys_user WHERE id = ? AND status = 1 
2020-01-14 11:16:15.217 WARN 12308 --- [http-nio-8080-exec-10] c.e.s.r.SysUserRepository.isEffective    : ==> Parameters: 9(Integer)
2020-01-14 11:16:15.219 WARN 12308 --- [http-nio-8080-exec-10] c.e.s.r.SysUserRepository.isEffective    : <==      Total: 1
2020-01-14 11:16:15.220 WARN 12308 --- [http-nio-8080-exec-10] c.e.s.filter.UserAccessControlFilter     : 请求URL为:/menu/list/9
2020-01-14 11:16:15.236 WARN 12308 --- [http-nio-8080-exec-9] c.e.s.r.SysLogRepository.saveSysLog      : <==    Updates: 1
2020-01-14 11:16:15.236 WARN 12308 --- [http-nio-8080-exec-9] com.example.springboot.aspect.LogAspect  : 【系统主页】【执行切面方法】耗时:0毫秒
2020-01-14 11:16:15.372 WARN 12308 --- [http-nio-8080-exec-2] c.e.s.r.SysUserRepository.isEffective    : ==>  Preparing: SELECT COUNT(1) FROM sys_user WHERE id = ? AND status = 1 
2020-01-14 11:16:15.372 WARN 12308 --- [http-nio-8080-exec-2] c.e.s.r.SysUserRepository.isEffective    : ==> Parameters: 9(Integer)
2020-01-14 11:16:15.373 WARN 12308 --- [http-nio-8080-exec-2] c.e.s.r.SysUserRepository.isEffective    : <==      Total: 1
2020-01-14 11:16:15.373 WARN 12308 --- [http-nio-8080-exec-2] c.e.s.filter.UserAccessControlFilter     : 请求URL为:/main
2020-01-14 11:16:15.374 WARN 12308 --- [http-nio-8080-exec-2] c.e.s.r.SysLogRepository.saveSysLog      : ==>  Preparing: INSERT INTO sys_log(username, operation, time, method, params, ip, createtime, browser, system, requestUrl) VALUES (?, ?, ?, ?, ?, ?, ?, ?, ?, ?) 
2020-01-14 11:16:15.375 WARN 12308 --- [http-nio-8080-exec-2] c.e.s.r.SysLogRepository.saveSysLog      : ==> Parameters: 小怡(String), 系统主页(String), 0(Integer), com.example.springboot.controller.LoginController.mainIndex()(String), null, 192.168.247.1(String), 2020-01-14 11:16:15(String), Chrome(String), Windows 10(String), /main(String)
2020-01-14 11:16:15.386 WARN 12308 --- [http-nio-8080-exec-3] c.e.s.r.SysUserRepository.isEffective    : ==>  Preparing: SELECT COUNT(1) FROM sys_user WHERE id = ? AND status = 1 
2020-01-14 11:16:15.386 WARN 12308 --- [http-nio-8080-exec-3] c.e.s.r.SysUserRepository.isEffective    : ==> Parameters: 9(Integer)
2020-01-14 11:16:15.387 WARN 12308 --- [http-nio-8080-exec-3] c.e.s.r.SysUserRepository.isEffective    : <==      Total: 1
2020-01-14 11:16:15.388 WARN 12308 --- [http-nio-8080-exec-3] c.e.s.filter.UserAccessControlFilter     : 请求URL为:/menu/list/9
2020-01-14 11:16:15.401 WARN 12308 --- [http-nio-8080-exec-2] c.e.s.r.SysLogRepository.saveSysLog      : <==    Updates: 1
2020-01-14 11:16:15.402 WARN 12308 --- [http-nio-8080-exec-2] com.example.springboot.aspect.LogAspect  : 【系统主页】【执行切面方法】耗时:0毫秒
2020-01-14 11:17:15.276 WARN 12308 --- [http-nio-8080-exec-2] c.e.s.r.SysUserRepository.isEffective    : ==>  Preparing: SELECT COUNT(1) FROM sys_user WHERE id = ? AND status = 1 
2020-01-14 11:17:15.276 WARN 12308 --- [http-nio-8080-exec-2] c.e.s.r.SysUserRepository.isEffective    : ==> Parameters: 9(Integer)
2020-01-14 11:17:15.277 WARN 12308 --- [http-nio-8080-exec-2] c.e.s.r.SysUserRepository.isEffective    : <==      Total: 1
2020-01-14 11:17:15.278 WARN 12308 --- [http-nio-8080-exec-2] c.e.s.filter.UserAccessControlFilter     : 请求URL为:/menu/menuManager
2020-01-14 11:17:15.280 WARN 12308 --- [http-nio-8080-exec-8] c.e.s.r.SysUserRepository.isEffective    : ==>  Preparing: SELECT COUNT(1) FROM sys_user WHERE id = ? AND status = 1 
2020-01-14 11:17:15.280 WARN 12308 --- [http-nio-8080-exec-2] c.e.s.r.SysLogRepository.saveSysLog      : ==>  Preparing: INSERT INTO sys_log(username, operation, time, method, params, ip, createtime, browser, system, requestUrl) VALUES (?, ?, ?, ?, ?, ?, ?, ?, ?, ?) 
2020-01-14 11:17:15.281 WARN 12308 --- [http-nio-8080-exec-2] c.e.s.r.SysLogRepository.saveSysLog      : ==> Parameters: 小怡(String), 菜单管理主页(String), 0(Integer), com.example.springboot.controller.MenuController.menuManager()(String), null, 192.168.247.1(String), 2020-01-14 11:17:15(String), Chrome(String), Windows 10(String), /menu/menuManager(String)
2020-01-14 11:17:15.282 WARN 12308 --- [http-nio-8080-exec-8] c.e.s.r.SysUserRepository.isEffective    : ==> Parameters: 9(Integer)
2020-01-14 11:17:15.283 WARN 12308 --- [http-nio-8080-exec-8] c.e.s.r.SysUserRepository.isEffective    : <==      Total: 1
2020-01-14 11:17:15.285 WARN 12308 --- [http-nio-8080-exec-8] c.e.s.filter.UserAccessControlFilter     : 请求URL为:/menu/menuManager
2020-01-14 11:17:15.287 WARN 12308 --- [http-nio-8080-exec-8] c.e.s.r.SysLogRepository.saveSysLog      : ==>  Preparing: INSERT INTO sys_log(username, operation, time, method, params, ip, createtime, browser, system, requestUrl) VALUES (?, ?, ?, ?, ?, ?, ?, ?, ?, ?) 
2020-01-14 11:17:15.288 WARN 12308 --- [http-nio-8080-exec-8] c.e.s.r.SysLogRepository.saveSysLog      : ==> Parameters: 小怡(String), 菜单管理主页(String), 0(Integer), com.example.springboot.controller.MenuController.menuManager()(String), null, 192.168.247.1(String), 2020-01-14 11:17:15(String), Chrome(String), Windows 10(String), /menu/menuManager(String)
2020-01-14 11:17:15.326 WARN 12308 --- [http-nio-8080-exec-2] c.e.s.r.SysLogRepository.saveSysLog      : <==    Updates: 1
2020-01-14 11:17:15.327 WARN 12308 --- [http-nio-8080-exec-2] com.example.springboot.aspect.LogAspect  : 【菜单管理主页】【执行切面方法】耗时:0毫秒
2020-01-14 11:17:15.342 WARN 12308 --- [http-nio-8080-exec-2] c.e.s.r.S.findRoleAndPermission          : ==>  Preparing: SELECT user.username, user.chinaName, role.roleName, per.permissionName FROM sys_user user JOIN user_role userrole ON userrole.userId = user.id JOIN sys_role role ON role.roleId = userrole.roleId JOIN role_permission rolep ON rolep.roleId = role.roleId JOIN sys_permission per ON rolep.permissionId = per.permissionId WHERE user.username = ? 
2020-01-14 11:17:15.344 WARN 12308 --- [http-nio-8080-exec-8] c.e.s.r.SysLogRepository.saveSysLog      : <==    Updates: 1
2020-01-14 11:17:15.344 WARN 12308 --- [http-nio-8080-exec-2] c.e.s.r.S.findRoleAndPermission          : ==> Parameters: xy(String)
2020-01-14 11:17:15.344 WARN 12308 --- [http-nio-8080-exec-8] com.example.springboot.aspect.LogAspect  : 【菜单管理主页】【执行切面方法】耗时:0毫秒
2020-01-14 11:17:15.347 WARN 12308 --- [http-nio-8080-exec-8] c.e.s.r.S.findRoleAndPermission          : ==>  Preparing: SELECT user.username, user.chinaName, role.roleName, per.permissionName FROM sys_user user JOIN user_role userrole ON userrole.userId = user.id JOIN sys_role role ON role.roleId = userrole.roleId JOIN role_permission rolep ON rolep.roleId = role.roleId JOIN sys_permission per ON rolep.permissionId = per.permissionId WHERE user.username = ? 
2020-01-14 11:17:15.347 WARN 12308 --- [http-nio-8080-exec-2] c.e.s.r.S.findRoleAndPermission          : <==      Total: 6
2020-01-14 11:17:15.348 WARN 12308 --- [http-nio-8080-exec-8] c.e.s.r.S.findRoleAndPermission          : ==> Parameters: xy(String)
2020-01-14 11:17:15.355 WARN 12308 --- [http-nio-8080-exec-8] c.e.s.r.S.findRoleAndPermission          : <==      Total: 6
2020-01-14 11:17:15.509 WARN 12308 --- [http-nio-8080-exec-3] c.e.s.r.SysUserRepository.isEffective    : ==>  Preparing: SELECT COUNT(1) FROM sys_user WHERE id = ? AND status = 1 
2020-01-14 11:17:15.510 WARN 12308 --- [http-nio-8080-exec-3] c.e.s.r.SysUserRepository.isEffective    : ==> Parameters: 9(Integer)
2020-01-14 11:17:15.510 WARN 12308 --- [http-nio-8080-exec-3] c.e.s.r.SysUserRepository.isEffective    : <==      Total: 1
2020-01-14 11:17:15.510 WARN 12308 --- [http-nio-8080-exec-1] c.e.s.r.SysUserRepository.isEffective    : ==>  Preparing: SELECT COUNT(1) FROM sys_user WHERE id = ? AND status = 1 
2020-01-14 11:17:15.511 WARN 12308 --- [http-nio-8080-exec-1] c.e.s.r.SysUserRepository.isEffective    : ==> Parameters: 9(Integer)
2020-01-14 11:17:15.511 WARN 12308 --- [http-nio-8080-exec-3] c.e.s.filter.UserAccessControlFilter     : 请求URL为:/menu/getMenuList
2020-01-14 11:17:15.511 WARN 12308 --- [http-nio-8080-exec-1] c.e.s.r.SysUserRepository.isEffective    : <==      Total: 1
2020-01-14 11:17:15.511 WARN 12308 --- [http-nio-8080-exec-1] c.e.s.filter.UserAccessControlFilter     : 请求URL为:/menu/getMenuList
2020-01-14 11:17:15.512 WARN 12308 --- [http-nio-8080-exec-3] c.e.s.r.SysMenuRepository.findMenuList   : ==>  Preparing: SELECT m.menuId menuId, m.menuName menuName, m.url url, m.permissionIdentifier permissionIdentifier, m.parentId parentId, m.icon icon FROM sys_menu m WHERE m.deleteFlag = 1 
2020-01-14 11:17:15.512 WARN 12308 --- [http-nio-8080-exec-1] c.e.s.r.SysMenuRepository.findMenuList   : ==>  Preparing: SELECT m.menuId menuId, m.menuName menuName, m.url url, m.permissionIdentifier permissionIdentifier, m.parentId parentId, m.icon icon FROM sys_menu m WHERE m.deleteFlag = 1 
2020-01-14 11:17:15.513 WARN 12308 --- [http-nio-8080-exec-3] c.e.s.r.SysMenuRepository.findMenuList   : ==> Parameters: 
2020-01-14 11:17:15.513 WARN 12308 --- [http-nio-8080-exec-1] c.e.s.r.SysMenuRepository.findMenuList   : ==> Parameters: 
2020-01-14 11:17:15.515 WARN 12308 --- [http-nio-8080-exec-3] c.e.s.r.SysMenuRepository.findMenuList   : <==      Total: 25
2020-01-14 11:17:15.517 WARN 12308 --- [http-nio-8080-exec-1] c.e.s.r.SysMenuRepository.findMenuList   : <==      Total: 25
2020-01-14 11:17:15.517 WARN 12308 --- [http-nio-8080-exec-3] c.e.s.r.SysLogRepository.saveSysLog      : ==>  Preparing: INSERT INTO sys_log(username, operation, time, method, params, ip, createtime, browser, system, requestUrl) VALUES (?, ?, ?, ?, ?, ?, ?, ?, ?, ?) 
2020-01-14 11:17:15.517 WARN 12308 --- [http-nio-8080-exec-3] c.e.s.r.SysLogRepository.saveSysLog      : ==> Parameters: 小怡(String), 菜单，角色配置 （菜单tree）用(String), 5(Integer), com.example.springboot.controller.MenuController.getMenuList()(String), null, 192.168.247.1(String), 2020-01-14 11:17:15(String), Chrome(String), Windows 10(String), /menu/getMenuList(String)
2020-01-14 11:17:15.519 WARN 12308 --- [http-nio-8080-exec-1] c.e.s.r.SysLogRepository.saveSysLog      : ==>  Preparing: INSERT INTO sys_log(username, operation, time, method, params, ip, createtime, browser, system, requestUrl) VALUES (?, ?, ?, ?, ?, ?, ?, ?, ?, ?) 
2020-01-14 11:17:15.520 WARN 12308 --- [http-nio-8080-exec-1] c.e.s.r.SysLogRepository.saveSysLog      : ==> Parameters: 小怡(String), 菜单，角色配置 （菜单tree）用(String), 6(Integer), com.example.springboot.controller.MenuController.getMenuList()(String), null, 192.168.247.1(String), 2020-01-14 11:17:15(String), Chrome(String), Windows 10(String), /menu/getMenuList(String)
2020-01-14 11:17:15.543 WARN 12308 --- [http-nio-8080-exec-3] c.e.s.r.SysLogRepository.saveSysLog      : <==    Updates: 1
2020-01-14 11:17:15.543 WARN 12308 --- [http-nio-8080-exec-3] com.example.springboot.aspect.LogAspect  : 【菜单，角色配置 （菜单tree）用】【执行切面方法】耗时:5毫秒
2020-01-14 11:17:15.576 WARN 12308 --- [http-nio-8080-exec-1] c.e.s.r.SysLogRepository.saveSysLog      : <==    Updates: 1
2020-01-14 11:17:15.576 WARN 12308 --- [http-nio-8080-exec-1] com.example.springboot.aspect.LogAspect  : 【菜单，角色配置 （菜单tree）用】【执行切面方法】耗时:6毫秒
2020-01-14 11:17:15.640 WARN 12308 --- [http-nio-8080-exec-10] c.e.s.r.SysUserRepository.isEffective    : ==>  Preparing: SELECT COUNT(1) FROM sys_user WHERE id = ? AND status = 1 
2020-01-14 11:17:15.640 WARN 12308 --- [http-nio-8080-exec-10] c.e.s.r.SysUserRepository.isEffective    : ==> Parameters: 9(Integer)
2020-01-14 11:17:15.641 WARN 12308 --- [http-nio-8080-exec-2] c.e.s.r.SysUserRepository.isEffective    : ==>  Preparing: SELECT COUNT(1) FROM sys_user WHERE id = ? AND status = 1 
2020-01-14 11:17:15.642 WARN 12308 --- [http-nio-8080-exec-2] c.e.s.r.SysUserRepository.isEffective    : ==> Parameters: 9(Integer)
2020-01-14 11:17:15.643 WARN 12308 --- [http-nio-8080-exec-10] c.e.s.r.SysUserRepository.isEffective    : <==      Total: 1
2020-01-14 11:17:15.643 WARN 12308 --- [http-nio-8080-exec-10] c.e.s.filter.UserAccessControlFilter     : 请求URL为:/menu/getMenuList
2020-01-14 11:17:15.643 WARN 12308 --- [http-nio-8080-exec-2] c.e.s.r.SysUserRepository.isEffective    : <==      Total: 1
2020-01-14 11:17:15.644 WARN 12308 --- [http-nio-8080-exec-2] c.e.s.filter.UserAccessControlFilter     : 请求URL为:/menu/getMenuList
2020-01-14 11:17:15.644 WARN 12308 --- [http-nio-8080-exec-10] c.e.s.r.SysMenuRepository.findMenuList   : ==>  Preparing: SELECT m.menuId menuId, m.menuName menuName, m.url url, m.permissionIdentifier permissionIdentifier, m.parentId parentId, m.icon icon FROM sys_menu m WHERE m.deleteFlag = 1 
2020-01-14 11:17:15.644 WARN 12308 --- [http-nio-8080-exec-10] c.e.s.r.SysMenuRepository.findMenuList   : ==> Parameters: 
2020-01-14 11:17:15.645 WARN 12308 --- [http-nio-8080-exec-2] c.e.s.r.SysMenuRepository.findMenuList   : ==>  Preparing: SELECT m.menuId menuId, m.menuName menuName, m.url url, m.permissionIdentifier permissionIdentifier, m.parentId parentId, m.icon icon FROM sys_menu m WHERE m.deleteFlag = 1 
2020-01-14 11:17:15.645 WARN 12308 --- [http-nio-8080-exec-2] c.e.s.r.SysMenuRepository.findMenuList   : ==> Parameters: 
2020-01-14 11:17:15.646 WARN 12308 --- [http-nio-8080-exec-10] c.e.s.r.SysMenuRepository.findMenuList   : <==      Total: 25
2020-01-14 11:17:15.648 WARN 12308 --- [http-nio-8080-exec-2] c.e.s.r.SysMenuRepository.findMenuList   : <==      Total: 25
2020-01-14 11:17:15.648 WARN 12308 --- [http-nio-8080-exec-10] c.e.s.r.SysLogRepository.saveSysLog      : ==>  Preparing: INSERT INTO sys_log(username, operation, time, method, params, ip, createtime, browser, system, requestUrl) VALUES (?, ?, ?, ?, ?, ?, ?, ?, ?, ?) 
2020-01-14 11:17:15.649 WARN 12308 --- [http-nio-8080-exec-10] c.e.s.r.SysLogRepository.saveSysLog      : ==> Parameters: 小怡(String), 菜单，角色配置 （菜单tree）用(String), 4(Integer), com.example.springboot.controller.MenuController.getMenuList()(String), null, 192.168.247.1(String), 2020-01-14 11:17:15(String), Chrome(String), Windows 10(String), /menu/getMenuList(String)
2020-01-14 11:17:15.649 WARN 12308 --- [http-nio-8080-exec-2] c.e.s.r.SysLogRepository.saveSysLog      : ==>  Preparing: INSERT INTO sys_log(username, operation, time, method, params, ip, createtime, browser, system, requestUrl) VALUES (?, ?, ?, ?, ?, ?, ?, ?, ?, ?) 
2020-01-14 11:17:15.649 WARN 12308 --- [http-nio-8080-exec-2] c.e.s.r.SysLogRepository.saveSysLog      : ==> Parameters: 小怡(String), 菜单，角色配置 （菜单tree）用(String), 4(Integer), com.example.springboot.controller.MenuController.getMenuList()(String), null, 192.168.247.1(String), 2020-01-14 11:17:15(String), Chrome(String), Windows 10(String), /menu/getMenuList(String)
2020-01-14 11:17:15.675 WARN 12308 --- [http-nio-8080-exec-10] c.e.s.r.SysLogRepository.saveSysLog      : <==    Updates: 1
2020-01-14 11:17:15.675 WARN 12308 --- [http-nio-8080-exec-10] com.example.springboot.aspect.LogAspect  : 【菜单，角色配置 （菜单tree）用】【执行切面方法】耗时:4毫秒
2020-01-14 11:17:15.703 WARN 12308 --- [http-nio-8080-exec-2] c.e.s.r.SysLogRepository.saveSysLog      : <==    Updates: 1
2020-01-14 11:17:15.703 WARN 12308 --- [http-nio-8080-exec-2] com.example.springboot.aspect.LogAspect  : 【菜单，角色配置 （菜单tree）用】【执行切面方法】耗时:4毫秒
2020-01-14 11:17:15.852 WARN 12308 --- [http-nio-8080-exec-1] c.e.s.r.SysUserRepository.isEffective    : ==>  Preparing: SELECT COUNT(1) FROM sys_user WHERE id = ? AND status = 1 
2020-01-14 11:17:15.852 WARN 12308 --- [http-nio-8080-exec-1] c.e.s.r.SysUserRepository.isEffective    : ==> Parameters: 9(Integer)
2020-01-14 11:17:15.853 WARN 12308 --- [http-nio-8080-exec-1] c.e.s.r.SysUserRepository.isEffective    : <==      Total: 1
2020-01-14 11:17:15.853 WARN 12308 --- [http-nio-8080-exec-1] c.e.s.filter.UserAccessControlFilter     : 请求URL为:/menu/getMenuList
2020-01-14 11:17:15.893 WARN 12308 --- [http-nio-8080-exec-1] c.e.s.r.SysMenuRepository.getMenuCount   : ==>  Preparing: SELECT COUNT(1) FROM sys_menu sm WHERE 1 = 1 
2020-01-14 11:17:15.894 WARN 12308 --- [http-nio-8080-exec-1] c.e.s.r.SysMenuRepository.getMenuCount   : ==> Parameters: 
2020-01-14 11:17:15.895 WARN 12308 --- [http-nio-8080-exec-1] c.e.s.r.SysMenuRepository.getMenuCount   : <==      Total: 1
2020-01-14 11:17:15.897 WARN 12308 --- [http-nio-8080-exec-1] c.e.s.r.SysMenuRepository.queryMenuList  : ==>  Preparing: SELECT sm.menuId, sm.menuName, sm.url, sm.permissionIdentifier, sm.icon, sm.deleteFlag, sm.description, sm.createTime , sm.parentId, (CASE sm.parentId WHEN '0' THEN 0 ELSE 1 END) isParent FROM sys_menu sm WHERE 1 = 1 ORDER BY isParent LIMIT ?,? 
2020-01-14 11:17:15.902 WARN 12308 --- [http-nio-8080-exec-1] c.e.s.r.SysMenuRepository.queryMenuList  : ==> Parameters: 0(Integer), 10(Integer)
2020-01-14 11:17:15.904 WARN 12308 --- [http-nio-8080-exec-1] c.e.s.r.SysMenuRepository.queryMenuList  : <==      Total: 10
2020-01-14 11:17:15.916 WARN 12308 --- [http-nio-8080-exec-4] c.e.s.r.SysUserRepository.isEffective    : ==>  Preparing: SELECT COUNT(1) FROM sys_user WHERE id = ? AND status = 1 
2020-01-14 11:17:15.916 WARN 12308 --- [http-nio-8080-exec-4] c.e.s.r.SysUserRepository.isEffective    : ==> Parameters: 9(Integer)
2020-01-14 11:17:15.917 WARN 12308 --- [http-nio-8080-exec-4] c.e.s.r.SysUserRepository.isEffective    : <==      Total: 1
2020-01-14 11:17:15.917 WARN 12308 --- [http-nio-8080-exec-4] c.e.s.filter.UserAccessControlFilter     : 请求URL为:/menu/getMenuList
2020-01-14 11:17:15.919 WARN 12308 --- [http-nio-8080-exec-4] c.e.s.r.SysMenuRepository.getMenuCount   : ==>  Preparing: SELECT COUNT(1) FROM sys_menu sm WHERE 1 = 1 
2020-01-14 11:17:15.919 WARN 12308 --- [http-nio-8080-exec-4] c.e.s.r.SysMenuRepository.getMenuCount   : ==> Parameters: 
2020-01-14 11:17:15.919 WARN 12308 --- [http-nio-8080-exec-4] c.e.s.r.SysMenuRepository.getMenuCount   : <==      Total: 1
2020-01-14 11:17:15.920 WARN 12308 --- [http-nio-8080-exec-4] c.e.s.r.SysMenuRepository.queryMenuList  : ==>  Preparing: SELECT sm.menuId, sm.menuName, sm.url, sm.permissionIdentifier, sm.icon, sm.deleteFlag, sm.description, sm.createTime , sm.parentId, (CASE sm.parentId WHEN '0' THEN 0 ELSE 1 END) isParent FROM sys_menu sm WHERE 1 = 1 ORDER BY isParent LIMIT ?,? 
2020-01-14 11:17:15.920 WARN 12308 --- [http-nio-8080-exec-4] c.e.s.r.SysMenuRepository.queryMenuList  : ==> Parameters: 0(Integer), 10(Integer)
2020-01-14 11:17:15.928 WARN 12308 --- [http-nio-8080-exec-4] c.e.s.r.SysMenuRepository.queryMenuList  : <==      Total: 10
2020-01-14 11:17:15.943 WARN 12308 --- [http-nio-8080-exec-4] c.e.s.r.SysLogRepository.saveSysLog      : ==>  Preparing: INSERT INTO sys_log(username, operation, time, method, params, ip, createtime, browser, system, requestUrl) VALUES (?, ?, ?, ?, ?, ?, ?, ?, ?, ?) 
2020-01-14 11:17:15.943 WARN 12308 --- [http-nio-8080-exec-4] c.e.s.r.SysLogRepository.saveSysLog      : ==> Parameters: 小怡(String), 查询菜单(String), 10(Integer), com.example.springboot.controller.MenuController.getMenuList()(String), [{"limit":10,"page":0}](String), 192.168.247.1(String), 2020-01-14 11:17:15(String), Chrome(String), Windows 10(String), /menu/getMenuList(String)
2020-01-14 11:17:15.944 WARN 12308 --- [http-nio-8080-exec-1] c.e.s.r.SysLogRepository.saveSysLog      : ==>  Preparing: INSERT INTO sys_log(username, operation, time, method, params, ip, createtime, browser, system, requestUrl) VALUES (?, ?, ?, ?, ?, ?, ?, ?, ?, ?) 
2020-01-14 11:17:15.944 WARN 12308 --- [http-nio-8080-exec-1] c.e.s.r.SysLogRepository.saveSysLog      : ==> Parameters: 小怡(String), 查询菜单(String), 39(Integer), com.example.springboot.controller.MenuController.getMenuList()(String), [{"limit":10,"page":0}](String), 192.168.247.1(String), 2020-01-14 11:17:15(String), Chrome(String), Windows 10(String), /menu/getMenuList(String)
2020-01-14 11:17:15.970 WARN 12308 --- [http-nio-8080-exec-4] c.e.s.r.SysLogRepository.saveSysLog      : <==    Updates: 1
2020-01-14 11:17:15.970 WARN 12308 --- [http-nio-8080-exec-4] com.example.springboot.aspect.LogAspect  : 【查询菜单】【执行切面方法】耗时:10毫秒
2020-01-14 11:17:15.983 WARN 12308 --- [http-nio-8080-exec-1] c.e.s.r.SysLogRepository.saveSysLog      : <==    Updates: 1
2020-01-14 11:17:15.983 WARN 12308 --- [http-nio-8080-exec-1] com.example.springboot.aspect.LogAspect  : 【查询菜单】【执行切面方法】耗时:39毫秒
2020-01-14 11:17:16.303 WARN 12308 --- [http-nio-8080-exec-8] c.e.s.r.SysUserRepository.isEffective    : ==>  Preparing: SELECT COUNT(1) FROM sys_user WHERE id = ? AND status = 1 
2020-01-14 11:17:16.303 WARN 12308 --- [http-nio-8080-exec-8] c.e.s.r.SysUserRepository.isEffective    : ==> Parameters: 9(Integer)
2020-01-14 11:17:16.304 WARN 12308 --- [http-nio-8080-exec-8] c.e.s.r.SysUserRepository.isEffective    : <==      Total: 1
2020-01-14 11:17:16.304 WARN 12308 --- [http-nio-8080-exec-8] c.e.s.filter.UserAccessControlFilter     : 请求URL为:/main
2020-01-14 11:17:16.305 WARN 12308 --- [http-nio-8080-exec-8] c.e.s.r.SysLogRepository.saveSysLog      : ==>  Preparing: INSERT INTO sys_log(username, operation, time, method, params, ip, createtime, browser, system, requestUrl) VALUES (?, ?, ?, ?, ?, ?, ?, ?, ?, ?) 
2020-01-14 11:17:16.306 WARN 12308 --- [http-nio-8080-exec-8] c.e.s.r.SysLogRepository.saveSysLog      : ==> Parameters: 小怡(String), 系统主页(String), 0(Integer), com.example.springboot.controller.LoginController.mainIndex()(String), null, 192.168.247.1(String), 2020-01-14 11:17:16(String), Chrome(String), Windows 10(String), /main(String)
2020-01-14 11:17:16.437 WARN 12308 --- [http-nio-8080-exec-8] c.e.s.r.SysLogRepository.saveSysLog      : <==    Updates: 1
2020-01-14 11:17:16.437 WARN 12308 --- [http-nio-8080-exec-8] com.example.springboot.aspect.LogAspect  : 【系统主页】【执行切面方法】耗时:0毫秒
2020-01-14 11:17:18.307 WARN 12308 --- [http-nio-8080-exec-4] c.e.s.r.SysUserRepository.isEffective    : ==>  Preparing: SELECT COUNT(1) FROM sys_user WHERE id = ? AND status = 1 
2020-01-14 11:17:18.308 WARN 12308 --- [http-nio-8080-exec-4] c.e.s.r.SysUserRepository.isEffective    : ==> Parameters: 9(Integer)
2020-01-14 11:17:18.308 WARN 12308 --- [http-nio-8080-exec-4] c.e.s.r.SysUserRepository.isEffective    : <==      Total: 1
2020-01-14 11:17:18.309 WARN 12308 --- [http-nio-8080-exec-4] c.e.s.filter.UserAccessControlFilter     : 请求URL为:/dept/deptManager
2020-01-14 11:17:18.315 WARN 12308 --- [http-nio-8080-exec-4] c.e.s.r.SysLogRepository.saveSysLog      : ==>  Preparing: INSERT INTO sys_log(username, operation, time, method, params, ip, createtime, browser, system, requestUrl) VALUES (?, ?, ?, ?, ?, ?, ?, ?, ?, ?) 
2020-01-14 11:17:18.319 WARN 12308 --- [http-nio-8080-exec-4] c.e.s.r.SysLogRepository.saveSysLog      : ==> Parameters: 小怡(String), 部门管理主页(String), 2(Integer), com.example.springboot.controller.DeptController.deptManager()(String), null, 192.168.247.1(String), 2020-01-14 11:17:18(String), Chrome(String), Windows 10(String), /dept/deptManager(String)
2020-01-14 11:17:18.321 WARN 12308 --- [http-nio-8080-exec-1] c.e.s.r.SysUserRepository.isEffective    : ==>  Preparing: SELECT COUNT(1) FROM sys_user WHERE id = ? AND status = 1 
2020-01-14 11:17:18.321 WARN 12308 --- [http-nio-8080-exec-1] c.e.s.r.SysUserRepository.isEffective    : ==> Parameters: 9(Integer)
2020-01-14 11:17:18.322 WARN 12308 --- [http-nio-8080-exec-1] c.e.s.r.SysUserRepository.isEffective    : <==      Total: 1
2020-01-14 11:17:18.322 WARN 12308 --- [http-nio-8080-exec-1] c.e.s.filter.UserAccessControlFilter     : 请求URL为:/dept/deptManager
2020-01-14 11:17:18.323 WARN 12308 --- [http-nio-8080-exec-1] c.e.s.r.SysLogRepository.saveSysLog      : ==>  Preparing: INSERT INTO sys_log(username, operation, time, method, params, ip, createtime, browser, system, requestUrl) VALUES (?, ?, ?, ?, ?, ?, ?, ?, ?, ?) 
2020-01-14 11:17:18.325 WARN 12308 --- [http-nio-8080-exec-1] c.e.s.r.SysLogRepository.saveSysLog      : ==> Parameters: 小怡(String), 部门管理主页(String), 0(Integer), com.example.springboot.controller.DeptController.deptManager()(String), null, 192.168.247.1(String), 2020-01-14 11:17:18(String), Chrome(String), Windows 10(String), /dept/deptManager(String)
2020-01-14 11:17:18.345 WARN 12308 --- [http-nio-8080-exec-4] c.e.s.r.SysLogRepository.saveSysLog      : <==    Updates: 1
2020-01-14 11:17:18.345 WARN 12308 --- [http-nio-8080-exec-4] com.example.springboot.aspect.LogAspect  : 【部门管理主页】【执行切面方法】耗时:2毫秒
2020-01-14 11:17:18.357 WARN 12308 --- [http-nio-8080-exec-1] c.e.s.r.SysLogRepository.saveSysLog      : <==    Updates: 1
2020-01-14 11:17:18.358 WARN 12308 --- [http-nio-8080-exec-1] com.example.springboot.aspect.LogAspect  : 【部门管理主页】【执行切面方法】耗时:0毫秒
2020-01-14 11:17:18.798 WARN 12308 --- [http-nio-8080-exec-3] c.e.s.r.SysUserRepository.isEffective    : ==>  Preparing: SELECT COUNT(1) FROM sys_user WHERE id = ? AND status = 1 
2020-01-14 11:17:18.798 WARN 12308 --- [http-nio-8080-exec-3] c.e.s.r.SysUserRepository.isEffective    : ==> Parameters: 9(Integer)
2020-01-14 11:17:18.799 WARN 12308 --- [http-nio-8080-exec-3] c.e.s.r.SysUserRepository.isEffective    : <==      Total: 1
2020-01-14 11:17:18.799 WARN 12308 --- [http-nio-8080-exec-3] c.e.s.filter.UserAccessControlFilter     : 请求URL为:/dept/deptList
2020-01-14 11:17:18.806 WARN 12308 --- [http-nio-8080-exec-3] c.e.s.r.SysDeptRepository.getDeptCount   : ==>  Preparing: SELECT COUNT(1) FROM sys_dept WHERE 1=1 
2020-01-14 11:17:18.807 WARN 12308 --- [http-nio-8080-exec-3] c.e.s.r.SysDeptRepository.getDeptCount   : ==> Parameters: 
2020-01-14 11:17:18.809 WARN 12308 --- [http-nio-8080-exec-3] c.e.s.r.SysDeptRepository.getDeptCount   : <==      Total: 1
2020-01-14 11:17:18.811 WARN 12308 --- [http-nio-8080-exec-3] c.e.s.r.SysDeptRepository.queryDeptList  : ==>  Preparing: SELECT * FROM sys_dept WHERE 1=1 LIMIT ?,? 
2020-01-14 11:17:18.812 WARN 12308 --- [http-nio-8080-exec-3] c.e.s.r.SysDeptRepository.queryDeptList  : ==> Parameters: 0(Integer), 10(Integer)
2020-01-14 11:17:18.813 WARN 12308 --- [http-nio-8080-exec-3] c.e.s.r.SysDeptRepository.queryDeptList  : <==      Total: 7
2020-01-14 11:17:18.817 WARN 12308 --- [http-nio-8080-exec-3] c.e.s.r.SysLogRepository.saveSysLog      : ==>  Preparing: INSERT INTO sys_log(username, operation, time, method, params, ip, createtime, browser, system, requestUrl) VALUES (?, ?, ?, ?, ?, ?, ?, ?, ?, ?) 
2020-01-14 11:17:18.817 WARN 12308 --- [http-nio-8080-exec-3] c.e.s.r.SysLogRepository.saveSysLog      : ==> Parameters: 小怡(String), 部门信息(String), 9(Integer), com.example.springboot.controller.DeptController.deptList()(String), [{"limit":10,"page":0}](String), 192.168.247.1(String), 2020-01-14 11:17:18(String), Chrome(String), Windows 10(String), /dept/deptList(String)
2020-01-14 11:17:18.866 WARN 12308 --- [http-nio-8080-exec-2] c.e.s.r.SysUserRepository.isEffective    : ==>  Preparing: SELECT COUNT(1) FROM sys_user WHERE id = ? AND status = 1 
2020-01-14 11:17:18.866 WARN 12308 --- [http-nio-8080-exec-2] c.e.s.r.SysUserRepository.isEffective    : ==> Parameters: 9(Integer)
2020-01-14 11:17:18.867 WARN 12308 --- [http-nio-8080-exec-2] c.e.s.r.SysUserRepository.isEffective    : <==      Total: 1
2020-01-14 11:17:18.867 WARN 12308 --- [http-nio-8080-exec-2] c.e.s.filter.UserAccessControlFilter     : 请求URL为:/dept/deptList
2020-01-14 11:17:18.868 WARN 12308 --- [http-nio-8080-exec-2] c.e.s.r.SysDeptRepository.getDeptCount   : ==>  Preparing: SELECT COUNT(1) FROM sys_dept WHERE 1=1 
2020-01-14 11:17:18.868 WARN 12308 --- [http-nio-8080-exec-2] c.e.s.r.SysDeptRepository.getDeptCount   : ==> Parameters: 
2020-01-14 11:17:18.869 WARN 12308 --- [http-nio-8080-exec-2] c.e.s.r.SysDeptRepository.getDeptCount   : <==      Total: 1
2020-01-14 11:17:18.870 WARN 12308 --- [http-nio-8080-exec-2] c.e.s.r.SysDeptRepository.queryDeptList  : ==>  Preparing: SELECT * FROM sys_dept WHERE 1=1 LIMIT ?,? 
2020-01-14 11:17:18.871 WARN 12308 --- [http-nio-8080-exec-2] c.e.s.r.SysDeptRepository.queryDeptList  : ==> Parameters: 0(Integer), 10(Integer)
2020-01-14 11:17:18.872 WARN 12308 --- [http-nio-8080-exec-2] c.e.s.r.SysDeptRepository.queryDeptList  : <==      Total: 7
2020-01-14 11:17:18.873 WARN 12308 --- [http-nio-8080-exec-2] c.e.s.r.SysLogRepository.saveSysLog      : ==>  Preparing: INSERT INTO sys_log(username, operation, time, method, params, ip, createtime, browser, system, requestUrl) VALUES (?, ?, ?, ?, ?, ?, ?, ?, ?, ?) 
2020-01-14 11:17:18.873 WARN 12308 --- [http-nio-8080-exec-2] c.e.s.r.SysLogRepository.saveSysLog      : ==> Parameters: 小怡(String), 部门信息(String), 4(Integer), com.example.springboot.controller.DeptController.deptList()(String), [{"limit":10,"page":0}](String), 192.168.247.1(String), 2020-01-14 11:17:18(String), Chrome(String), Windows 10(String), /dept/deptList(String)
2020-01-14 11:17:18.889 WARN 12308 --- [http-nio-8080-exec-3] c.e.s.r.SysLogRepository.saveSysLog      : <==    Updates: 1
2020-01-14 11:17:18.889 WARN 12308 --- [http-nio-8080-exec-3] com.example.springboot.aspect.LogAspect  : 【部门信息】【执行切面方法】耗时:9毫秒
2020-01-14 11:17:18.935 WARN 12308 --- [http-nio-8080-exec-2] c.e.s.r.SysLogRepository.saveSysLog      : <==    Updates: 1
2020-01-14 11:17:18.935 WARN 12308 --- [http-nio-8080-exec-2] com.example.springboot.aspect.LogAspect  : 【部门信息】【执行切面方法】耗时:4毫秒
2020-01-14 11:17:19.672 WARN 12308 --- [http-nio-8080-exec-6] c.e.s.r.SysUserRepository.isEffective    : ==>  Preparing: SELECT COUNT(1) FROM sys_user WHERE id = ? AND status = 1 
2020-01-14 11:17:19.672 WARN 12308 --- [http-nio-8080-exec-6] c.e.s.r.SysUserRepository.isEffective    : ==> Parameters: 9(Integer)
2020-01-14 11:17:19.675 WARN 12308 --- [http-nio-8080-exec-6] c.e.s.r.SysUserRepository.isEffective    : <==      Total: 1
2020-01-14 11:17:19.675 WARN 12308 --- [http-nio-8080-exec-6] c.e.s.filter.UserAccessControlFilter     : 请求URL为:/main
2020-01-14 11:17:19.676 WARN 12308 --- [http-nio-8080-exec-6] c.e.s.r.SysLogRepository.saveSysLog      : ==>  Preparing: INSERT INTO sys_log(username, operation, time, method, params, ip, createtime, browser, system, requestUrl) VALUES (?, ?, ?, ?, ?, ?, ?, ?, ?, ?) 
2020-01-14 11:17:19.677 WARN 12308 --- [http-nio-8080-exec-6] c.e.s.r.SysLogRepository.saveSysLog      : ==> Parameters: 小怡(String), 系统主页(String), 0(Integer), com.example.springboot.controller.LoginController.mainIndex()(String), null, 192.168.247.1(String), 2020-01-14 11:17:19(String), Chrome(String), Windows 10(String), /main(String)
2020-01-14 11:17:19.691 WARN 12308 --- [http-nio-8080-exec-6] c.e.s.r.SysLogRepository.saveSysLog      : <==    Updates: 1
2020-01-14 11:17:19.691 WARN 12308 --- [http-nio-8080-exec-6] com.example.springboot.aspect.LogAspect  : 【系统主页】【执行切面方法】耗时:0毫秒
2020-01-14 11:17:42.883 WARN 12308 --- [http-nio-8080-exec-8] c.e.s.r.SysLogRepository.saveSysLog      : ==>  Preparing: INSERT INTO sys_log(username, operation, time, method, params, ip, createtime, browser, system, requestUrl) VALUES (?, ?, ?, ?, ?, ?, ?, ?, ?, ?) 
2020-01-14 11:17:42.883 WARN 12308 --- [http-nio-8080-exec-8] c.e.s.r.SysLogRepository.saveSysLog      : ==> Parameters: null, 登录主页(String), 0(Integer), com.example.springboot.controller.LoginController.login()(String), null, 127.0.0.1(String), 2020-01-14 11:17:42(String), Chrome(String), Windows 10(String), /login(String)
2020-01-14 11:17:42.906 WARN 12308 --- [http-nio-8080-exec-8] c.e.s.r.SysLogRepository.saveSysLog      : <==    Updates: 1
2020-01-14 11:17:42.906 WARN 12308 --- [http-nio-8080-exec-8] com.example.springboot.aspect.LogAspect  : 【登录主页】【执行切面方法】耗时:0毫秒
2020-01-14 11:23:18.154 WARN 12308 --- [SpringContextShutdownHook] o.s.s.c.ThreadPoolTaskScheduler          : Shutting down ExecutorService 'taskScheduler'
2020-01-14 11:23:18.156 WARN 12308 --- [SpringContextShutdownHook] o.s.s.concurrent.ThreadPoolTaskExecutor  : Shutting down ExecutorService 'applicationTaskExecutor'
2020-01-14 11:23:18.293 WARN 12308 --- [SpringContextShutdownHook] a.s.s.m.AbstractValidatingSessionManager : Disabled session validation scheduler.
2020-01-14 11:23:18.316 WARN 12308 --- [SpringContextShutdownHook] com.alibaba.druid.pool.DruidDataSource   : {dataSource-1} closed
